2025-02-25 09:18:20 - Array
(
    [missionId] => 932e542a-430d-4eb1-95fe-cf4a0677eb14
)

2025-02-25 09:47:07 - Attempt 1 - missionId: 932e542a-430d-4eb1-95fe-cf4a0677eb14
2025-02-25 09:47:07 - Attempt 1 - missionId: 932e542a-430d-4eb1-95fe-cf4a0677eb14
2025-02-25 09:47:07 - Attempt 1 - missionId: 932e542a-430d-4eb1-95fe-cf4a0677eb14
2025-02-25 09:47:07 - Attempt 1 - missionId: 932e542a-430d-4eb1-95fe-cf4a0677eb14
2025-02-25 09:47:07 - Attempt 1 - missionId: 932e542a-430d-4eb1-95fe-cf4a0677eb14
2025-02-25 09:47:07 - Attempt 1 - missionId: 932e542a-430d-4eb1-95fe-cf4a0677eb14
2025-02-25 09:47:07 - Attempt 1 - missionId: 932e542a-430d-4eb1-95fe-cf4a0677eb14
2025-02-25 09:47:07 - Attempt 1 - missionId: 932e542a-430d-4eb1-95fe-cf4a0677eb14
2025-02-25 09:47:07 - Attempt 1 - missionId: 932e542a-430d-4eb1-95fe-cf4a0677eb14
2025-02-25 09:47:07 - Attempt 1 - missionId: 932e542a-430d-4eb1-95fe-cf4a0677eb14
2025-02-25 09:47:07 - Attempt 1 - missionId: 932e542a-430d-4eb1-95fe-cf4a0677eb14
2025-02-25 09:47:07 - Attempt 1 - missionId: 932e542a-430d-4eb1-95fe-cf4a0677eb14
2025-02-25 09:47:07 - Attempt 1 - missionId: 932e542a-430d-4eb1-95fe-cf4a0677eb14
2025-02-25 09:47:07 - Attempt 1 - missionId: 932e542a-430d-4eb1-95fe-cf4a0677eb14
2025-02-25 09:47:07 - Attempt 1 - missionId: 932e542a-430d-4eb1-95fe-cf4a0677eb14
2025-02-25 09:47:07 - Attempt 1 - missionId: 932e542a-430d-4eb1-95fe-cf4a0677eb14
2025-02-25 09:47:07 - Attempt 1 - missionId: 932e542a-430d-4eb1-95fe-cf4a0677eb14
2025-02-25 09:47:07 - Attempt 1 - missionId: 932e542a-430d-4eb1-95fe-cf4a0677eb14
2025-02-25 09:47:07 - Attempt 1 - missionId: 932e542a-430d-4eb1-95fe-cf4a0677eb14
2025-02-25 09:47:07 - Attempt 1 - missionId: 932e542a-430d-4eb1-95fe-cf4a0677eb14
2025-02-25 09:47:07 - Attempt 1 - missionId: 932e542a-430d-4eb1-95fe-cf4a0677eb14
2025-02-25 09:47:07 - Attempt 1 - missionId: 932e542a-430d-4eb1-95fe-cf4a0677eb14
2025-02-25 09:47:07 - Attempt 1 - missionId: 932e542a-430d-4eb1-95fe-cf4a0677eb14
2025-02-25 09:47:07 - Attempt 1 - missionId: 932e542a-430d-4eb1-95fe-cf4a0677eb14
2025-02-25 09:47:07 - Attempt 1 - missionId: 932e542a-430d-4eb1-95fe-cf4a0677eb14
2025-02-25 09:47:07 - Attempt 1 - missionId: 932e542a-430d-4eb1-95fe-cf4a0677eb14
2025-02-25 09:47:07 - Attempt 1 - missionId: 932e542a-430d-4eb1-95fe-cf4a0677eb14
2025-02-25 09:47:07 - Attempt 1 - missionId: 932e542a-430d-4eb1-95fe-cf4a0677eb14
2025-02-25 09:47:07 - Attempt 1 - missionId: 932e542a-430d-4eb1-95fe-cf4a0677eb14
2025-02-25 09:47:07 - Attempt 1 - missionId: 932e542a-430d-4eb1-95fe-cf4a0677eb14
2025-02-25 09:47:07 - Attempt 1 - missionId: 932e542a-430d-4eb1-95fe-cf4a0677eb14
2025-02-25 09:47:07 - Attempt 1 - missionId: 932e542a-430d-4eb1-95fe-cf4a0677eb14
2025-02-25 09:47:07 - Attempt 1 - missionId: 932e542a-430d-4eb1-95fe-cf4a0677eb14
2025-02-25 09:47:07 - Attempt 1 - missionId: 932e542a-430d-4eb1-95fe-cf4a0677eb14
2025-02-25 09:47:07 - Attempt 1 - missionId: 932e542a-430d-4eb1-95fe-cf4a0677eb14
2025-02-25 09:47:07 - Attempt 1 - missionId: 932e542a-430d-4eb1-95fe-cf4a0677eb14
2025-02-25 09:47:07 - Attempt 1 - missionId: 932e542a-430d-4eb1-95fe-cf4a0677eb14
2025-02-25 09:47:07 - Attempt 1 - missionId: 932e542a-430d-4eb1-95fe-cf4a0677eb14
2025-02-25 09:47:07 - Attempt 1 - missionId: 932e542a-430d-4eb1-95fe-cf4a0677eb14
2025-02-25 09:47:07 - Attempt 1 - missionId: 932e542a-430d-4eb1-95fe-cf4a0677eb14
2025-02-25 09:47:07 - Attempt 1 - missionId: 932e542a-430d-4eb1-95fe-cf4a0677eb14
2025-02-25 09:47:07 - Attempt 1 - missionId: 932e542a-430d-4eb1-95fe-cf4a0677eb14
2025-02-25 09:47:07 - Attempt 1 - missionId: 932e542a-430d-4eb1-95fe-cf4a0677eb14
2025-02-25 09:47:07 - Attempt 1 - missionId: 932e542a-430d-4eb1-95fe-cf4a0677eb14
2025-02-25 09:47:07 - Attempt 1 - missionId: 932e542a-430d-4eb1-95fe-cf4a0677eb14
2025-02-25 09:47:07 - Attempt 1 - missionId: 932e542a-430d-4eb1-95fe-cf4a0677eb14
2025-02-25 09:47:07 - Attempt 1 - missionId: 932e542a-430d-4eb1-95fe-cf4a0677eb14
2025-02-25 09:47:07 - Attempt 1 - missionId: 932e542a-430d-4eb1-95fe-cf4a0677eb14
2025-02-25 09:47:07 - Attempt 1 - missionId: 932e542a-430d-4eb1-95fe-cf4a0677eb14
2025-02-25 09:47:07 - Attempt 1 - missionId: 932e542a-430d-4eb1-95fe-cf4a0677eb14
2025-02-25 09:47:07 - Attempt 1 - missionId: 932e542a-430d-4eb1-95fe-cf4a0677eb14
2025-02-25 09:47:07 - Attempt 1 - missionId: 932e542a-430d-4eb1-95fe-cf4a0677eb14
2025-02-25 09:47:07 - Attempt 1 - missionId: 932e542a-430d-4eb1-95fe-cf4a0677eb14
2025-02-25 09:47:07 - Attempt 1 - missionId: 932e542a-430d-4eb1-95fe-cf4a0677eb14
2025-02-25 09:47:07 - Attempt 1 - missionId: 932e542a-430d-4eb1-95fe-cf4a0677eb14
2025-02-25 09:47:07 - Attempt 1 - missionId: 932e542a-430d-4eb1-95fe-cf4a0677eb14
2025-02-25 09:47:07 - Attempt 1 - missionId: 932e542a-430d-4eb1-95fe-cf4a0677eb14
2025-02-25 09:47:07 - Attempt 1 - missionId: 932e542a-430d-4eb1-95fe-cf4a0677eb14
2025-02-25 09:47:07 - Attempt 1 - missionId: 932e542a-430d-4eb1-95fe-cf4a0677eb14
2025-02-25 09:47:07 - Attempt 1 - missionId: 932e542a-430d-4eb1-95fe-cf4a0677eb14
2025-02-25 09:47:07 - Attempt 1 - missionId: 932e542a-430d-4eb1-95fe-cf4a0677eb14
2025-02-25 09:47:07 - Attempt 1 - missionId: 932e542a-430d-4eb1-95fe-cf4a0677eb14
2025-02-25 09:48:05 - Attempt 1 - missionId: 932e542a-430d-4eb1-95fe-cf4a0677eb14
2025-02-25 09:48:07 - JSON Decode Error: Syntax error
2025-02-25 09:48:07 - Attempt 1 - missionId: 932e542a-430d-4eb1-95fe-cf4a0677eb14
2025-02-25 09:48:07 - Attempt 1 - missionId: 932e542a-430d-4eb1-95fe-cf4a0677eb14
2025-02-25 09:48:07 - Attempt 1 - missionId: 932e542a-430d-4eb1-95fe-cf4a0677eb14
2025-02-25 09:48:07 - Attempt 1 - missionId: 932e542a-430d-4eb1-95fe-cf4a0677eb14
2025-02-25 09:48:07 - Attempt 1 - missionId: 932e542a-430d-4eb1-95fe-cf4a0677eb14
2025-02-25 09:48:07 - Attempt 1 - missionId: 932e542a-430d-4eb1-95fe-cf4a0677eb14
2025-02-25 09:48:07 - Attempt 1 - missionId: 932e542a-430d-4eb1-95fe-cf4a0677eb14
2025-02-25 09:48:07 - Attempt 1 - missionId: 932e542a-430d-4eb1-95fe-cf4a0677eb14
2025-02-25 09:48:07 - Attempt 1 - missionId: 932e542a-430d-4eb1-95fe-cf4a0677eb14
2025-02-25 09:48:07 - Attempt 1 - missionId: 932e542a-430d-4eb1-95fe-cf4a0677eb14
2025-02-25 09:48:07 - Attempt 1 - missionId: 932e542a-430d-4eb1-95fe-cf4a0677eb14
2025-02-25 09:48:07 - Attempt 1 - missionId: 932e542a-430d-4eb1-95fe-cf4a0677eb14
2025-02-25 09:48:07 - Attempt 1 - missionId: 932e542a-430d-4eb1-95fe-cf4a0677eb14
2025-02-25 09:48:07 - Attempt 1 - missionId: 932e542a-430d-4eb1-95fe-cf4a0677eb14
2025-02-25 09:48:07 - Attempt 1 - missionId: 932e542a-430d-4eb1-95fe-cf4a0677eb14
2025-02-25 09:48:07 - Attempt 1 - missionId: 932e542a-430d-4eb1-95fe-cf4a0677eb14
2025-02-25 09:48:07 - Attempt 1 - missionId: 932e542a-430d-4eb1-95fe-cf4a0677eb14
2025-02-25 09:48:07 - Attempt 1 - missionId: 932e542a-430d-4eb1-95fe-cf4a0677eb14
2025-02-25 09:48:07 - Attempt 1 - missionId: 932e542a-430d-4eb1-95fe-cf4a0677eb14
2025-02-25 09:48:07 - Attempt 1 - missionId: 932e542a-430d-4eb1-95fe-cf4a0677eb14
2025-02-25 09:48:07 - Attempt 1 - missionId: 932e542a-430d-4eb1-95fe-cf4a0677eb14
2025-02-25 09:48:07 - Attempt 1 - missionId: 932e542a-430d-4eb1-95fe-cf4a0677eb14
2025-02-25 09:48:07 - Attempt 1 - missionId: 932e542a-430d-4eb1-95fe-cf4a0677eb14
2025-02-25 09:48:07 - Attempt 1 - missionId: 932e542a-430d-4eb1-95fe-cf4a0677eb14
2025-02-25 09:48:07 - Attempt 1 - missionId: 932e542a-430d-4eb1-95fe-cf4a0677eb14
2025-02-25 09:48:07 - Attempt 1 - missionId: 932e542a-430d-4eb1-95fe-cf4a0677eb14
2025-02-25 09:48:07 - Attempt 1 - missionId: 932e542a-430d-4eb1-95fe-cf4a0677eb14
2025-02-25 09:48:07 - Attempt 1 - missionId: 932e542a-430d-4eb1-95fe-cf4a0677eb14
2025-02-25 09:48:07 - Attempt 1 - missionId: 932e542a-430d-4eb1-95fe-cf4a0677eb14
2025-02-25 09:48:07 - Attempt 1 - missionId: 932e542a-430d-4eb1-95fe-cf4a0677eb14
2025-02-25 09:48:07 - Attempt 1 - missionId: 932e542a-430d-4eb1-95fe-cf4a0677eb14
2025-02-25 09:48:07 - Attempt 1 - missionId: 932e542a-430d-4eb1-95fe-cf4a0677eb14
2025-02-25 09:48:07 - Attempt 1 - missionId: 932e542a-430d-4eb1-95fe-cf4a0677eb14
2025-02-25 09:48:07 - Attempt 1 - missionId: 932e542a-430d-4eb1-95fe-cf4a0677eb14
2025-02-25 09:48:07 - Attempt 1 - missionId: 932e542a-430d-4eb1-95fe-cf4a0677eb14
2025-02-25 09:48:07 - Attempt 1 - missionId: 932e542a-430d-4eb1-95fe-cf4a0677eb14
2025-02-25 09:48:07 - Attempt 1 - missionId: 932e542a-430d-4eb1-95fe-cf4a0677eb14
2025-02-25 09:48:07 - Attempt 1 - missionId: 932e542a-430d-4eb1-95fe-cf4a0677eb14
2025-02-25 09:48:07 - Attempt 1 - missionId: 932e542a-430d-4eb1-95fe-cf4a0677eb14
2025-02-25 09:48:07 - Attempt 1 - missionId: 932e542a-430d-4eb1-95fe-cf4a0677eb14
2025-02-25 09:48:07 - Attempt 1 - missionId: 932e542a-430d-4eb1-95fe-cf4a0677eb14
2025-02-25 09:48:07 - Attempt 1 - missionId: 932e542a-430d-4eb1-95fe-cf4a0677eb14
2025-02-25 09:48:07 - Attempt 1 - missionId: 932e542a-430d-4eb1-95fe-cf4a0677eb14
2025-02-25 09:48:07 - Attempt 1 - missionId: 932e542a-430d-4eb1-95fe-cf4a0677eb14
2025-02-25 09:48:07 - Attempt 1 - missionId: 932e542a-430d-4eb1-95fe-cf4a0677eb14
2025-02-25 09:48:07 - Attempt 1 - missionId: 932e542a-430d-4eb1-95fe-cf4a0677eb14
2025-02-25 09:48:07 - Attempt 1 - missionId: 932e542a-430d-4eb1-95fe-cf4a0677eb14
2025-02-25 09:48:07 - Attempt 1 - missionId: 932e542a-430d-4eb1-95fe-cf4a0677eb14
2025-02-25 09:48:07 - Attempt 1 - missionId: 932e542a-430d-4eb1-95fe-cf4a0677eb14
2025-02-25 09:48:07 - Attempt 1 - missionId: 932e542a-430d-4eb1-95fe-cf4a0677eb14
2025-02-25 09:48:07 - Attempt 1 - missionId: 932e542a-430d-4eb1-95fe-cf4a0677eb14
2025-02-25 09:48:07 - Attempt 1 - missionId: 932e542a-430d-4eb1-95fe-cf4a0677eb14
2025-02-25 09:48:07 - Attempt 1 - missionId: 932e542a-430d-4eb1-95fe-cf4a0677eb14
2025-02-25 09:48:07 - Attempt 1 - missionId: 932e542a-430d-4eb1-95fe-cf4a0677eb14
2025-02-25 09:48:07 - Attempt 1 - missionId: 932e542a-430d-4eb1-95fe-cf4a0677eb14
2025-02-25 09:48:07 - Attempt 1 - missionId: 932e542a-430d-4eb1-95fe-cf4a0677eb14
2025-02-25 09:48:07 - Attempt 1 - missionId: 932e542a-430d-4eb1-95fe-cf4a0677eb14
2025-02-25 09:48:07 - Attempt 1 - missionId: 932e542a-430d-4eb1-95fe-cf4a0677eb14
2025-02-25 09:48:07 - Attempt 1 - missionId: 932e542a-430d-4eb1-95fe-cf4a0677eb14
2025-02-25 09:48:07 - Attempt 1 - missionId: 932e542a-430d-4eb1-95fe-cf4a0677eb14
2025-02-25 09:48:07 - Attempt 1 - missionId: 932e542a-430d-4eb1-95fe-cf4a0677eb14
2025-02-25 09:48:07 - Attempt 1 - missionId: 932e542a-430d-4eb1-95fe-cf4a0677eb14
2025-02-25 09:49:05 - Attempt 1 - missionId: 932e542a-430d-4eb1-95fe-cf4a0677eb14
2025-02-25 09:49:07 - Attempt 1 - missionId: 932e542a-430d-4eb1-95fe-cf4a0677eb14
2025-02-25 09:49:07 - Attempt 1 - missionId: 932e542a-430d-4eb1-95fe-cf4a0677eb14
2025-02-25 09:49:07 - Attempt 1 - missionId: 932e542a-430d-4eb1-95fe-cf4a0677eb14
2025-02-25 09:49:07 - Attempt 1 - missionId: 932e542a-430d-4eb1-95fe-cf4a0677eb14
2025-02-25 09:49:07 - Attempt 1 - missionId: 932e542a-430d-4eb1-95fe-cf4a0677eb14
2025-02-25 09:49:07 - Attempt 1 - missionId: 932e542a-430d-4eb1-95fe-cf4a0677eb14
2025-02-25 09:49:07 - Attempt 1 - missionId: 932e542a-430d-4eb1-95fe-cf4a0677eb14
2025-02-25 09:49:07 - Attempt 1 - missionId: 932e542a-430d-4eb1-95fe-cf4a0677eb14
2025-02-25 09:49:07 - Attempt 1 - missionId: 932e542a-430d-4eb1-95fe-cf4a0677eb14
2025-02-25 09:49:07 - Attempt 1 - missionId: 932e542a-430d-4eb1-95fe-cf4a0677eb14
2025-02-25 09:49:07 - Attempt 1 - missionId: 932e542a-430d-4eb1-95fe-cf4a0677eb14
2025-02-25 09:49:07 - Attempt 1 - missionId: 932e542a-430d-4eb1-95fe-cf4a0677eb14
2025-02-25 09:49:07 - Attempt 1 - missionId: 932e542a-430d-4eb1-95fe-cf4a0677eb14
2025-02-25 09:49:07 - Attempt 1 - missionId: 932e542a-430d-4eb1-95fe-cf4a0677eb14
2025-02-25 09:49:07 - Attempt 1 - missionId: 932e542a-430d-4eb1-95fe-cf4a0677eb14
2025-02-25 09:49:07 - Attempt 1 - missionId: 932e542a-430d-4eb1-95fe-cf4a0677eb14
2025-02-25 09:49:07 - Attempt 1 - missionId: 932e542a-430d-4eb1-95fe-cf4a0677eb14
2025-02-25 09:49:07 - Attempt 1 - missionId: 932e542a-430d-4eb1-95fe-cf4a0677eb14
2025-02-25 09:49:07 - Attempt 1 - missionId: 932e542a-430d-4eb1-95fe-cf4a0677eb14
2025-02-25 09:49:07 - Attempt 1 - missionId: 932e542a-430d-4eb1-95fe-cf4a0677eb14
2025-02-25 09:49:07 - Attempt 1 - missionId: 932e542a-430d-4eb1-95fe-cf4a0677eb14
2025-02-25 09:49:07 - Attempt 1 - missionId: 932e542a-430d-4eb1-95fe-cf4a0677eb14
2025-02-25 09:49:07 - Attempt 1 - missionId: 932e542a-430d-4eb1-95fe-cf4a0677eb14
2025-02-25 09:49:07 - Attempt 1 - missionId: 932e542a-430d-4eb1-95fe-cf4a0677eb14
2025-02-25 09:49:07 - Attempt 1 - missionId: 932e542a-430d-4eb1-95fe-cf4a0677eb14
2025-02-25 09:49:07 - Attempt 1 - missionId: 932e542a-430d-4eb1-95fe-cf4a0677eb14
2025-02-25 09:49:07 - Attempt 1 - missionId: 932e542a-430d-4eb1-95fe-cf4a0677eb14
2025-02-25 09:49:07 - Attempt 1 - missionId: 932e542a-430d-4eb1-95fe-cf4a0677eb14
2025-02-25 09:49:07 - Attempt 1 - missionId: 932e542a-430d-4eb1-95fe-cf4a0677eb14
2025-02-25 09:49:07 - Attempt 1 - missionId: 932e542a-430d-4eb1-95fe-cf4a0677eb14
2025-02-25 09:49:07 - Attempt 1 - missionId: 932e542a-430d-4eb1-95fe-cf4a0677eb14
2025-02-25 09:49:07 - Attempt 1 - missionId: 932e542a-430d-4eb1-95fe-cf4a0677eb14
2025-02-25 09:49:07 - Attempt 1 - missionId: 932e542a-430d-4eb1-95fe-cf4a0677eb14
2025-02-25 09:49:07 - Attempt 1 - missionId: 932e542a-430d-4eb1-95fe-cf4a0677eb14
2025-02-25 09:49:07 - Attempt 1 - missionId: 932e542a-430d-4eb1-95fe-cf4a0677eb14
2025-02-25 09:49:07 - Attempt 1 - missionId: 932e542a-430d-4eb1-95fe-cf4a0677eb14
2025-02-25 09:49:07 - Attempt 1 - missionId: 932e542a-430d-4eb1-95fe-cf4a0677eb14
2025-02-25 09:49:07 - Attempt 1 - missionId: 932e542a-430d-4eb1-95fe-cf4a0677eb14
2025-02-25 09:49:07 - Attempt 1 - missionId: 932e542a-430d-4eb1-95fe-cf4a0677eb14
2025-02-25 09:49:07 - Attempt 1 - missionId: 932e542a-430d-4eb1-95fe-cf4a0677eb14
2025-02-25 09:49:07 - Attempt 1 - missionId: 932e542a-430d-4eb1-95fe-cf4a0677eb14
2025-02-25 09:49:07 - Attempt 1 - missionId: 932e542a-430d-4eb1-95fe-cf4a0677eb14
2025-02-25 09:49:07 - Attempt 1 - missionId: 932e542a-430d-4eb1-95fe-cf4a0677eb14
2025-02-25 09:49:07 - Attempt 1 - missionId: 932e542a-430d-4eb1-95fe-cf4a0677eb14
2025-02-25 09:49:07 - Attempt 1 - missionId: 932e542a-430d-4eb1-95fe-cf4a0677eb14
2025-02-25 09:49:07 - Attempt 1 - missionId: 932e542a-430d-4eb1-95fe-cf4a0677eb14
2025-02-25 09:50:05 - Attempt 1 - missionId: 932e542a-430d-4eb1-95fe-cf4a0677eb14
2025-02-25 09:50:07 - Attempt 1 - missionId: 932e542a-430d-4eb1-95fe-cf4a0677eb14
2025-02-25 09:50:07 - Attempt 1 - missionId: 932e542a-430d-4eb1-95fe-cf4a0677eb14
2025-02-25 09:50:07 - Attempt 1 - missionId: 932e542a-430d-4eb1-95fe-cf4a0677eb14
2025-02-25 09:50:07 - Attempt 1 - missionId: 932e542a-430d-4eb1-95fe-cf4a0677eb14
2025-02-25 09:50:07 - Attempt 1 - missionId: 932e542a-430d-4eb1-95fe-cf4a0677eb14
2025-02-25 09:50:07 - Attempt 1 - missionId: 932e542a-430d-4eb1-95fe-cf4a0677eb14
2025-02-25 09:50:07 - Attempt 1 - missionId: 932e542a-430d-4eb1-95fe-cf4a0677eb14
2025-02-25 09:50:07 - Attempt 1 - missionId: 932e542a-430d-4eb1-95fe-cf4a0677eb14
2025-02-25 09:50:07 - Attempt 1 - missionId: 932e542a-430d-4eb1-95fe-cf4a0677eb14
2025-02-25 09:50:07 - Attempt 1 - missionId: 932e542a-430d-4eb1-95fe-cf4a0677eb14
2025-02-25 09:50:07 - Attempt 1 - missionId: 932e542a-430d-4eb1-95fe-cf4a0677eb14
2025-02-25 09:50:07 - Attempt 1 - missionId: 932e542a-430d-4eb1-95fe-cf4a0677eb14
2025-02-25 09:50:07 - Attempt 1 - missionId: 932e542a-430d-4eb1-95fe-cf4a0677eb14
2025-02-25 09:50:07 - Attempt 1 - missionId: 932e542a-430d-4eb1-95fe-cf4a0677eb14
2025-02-25 09:50:07 - Attempt 1 - missionId: 932e542a-430d-4eb1-95fe-cf4a0677eb14
2025-02-25 09:50:07 - Attempt 1 - missionId: 932e542a-430d-4eb1-95fe-cf4a0677eb14
2025-02-25 09:50:07 - Attempt 1 - missionId: 932e542a-430d-4eb1-95fe-cf4a0677eb14
2025-02-25 09:50:07 - Attempt 1 - missionId: 932e542a-430d-4eb1-95fe-cf4a0677eb14
2025-02-25 09:50:07 - Attempt 1 - missionId: 932e542a-430d-4eb1-95fe-cf4a0677eb14
2025-02-25 09:50:07 - Attempt 1 - missionId: 932e542a-430d-4eb1-95fe-cf4a0677eb14
2025-02-25 09:50:07 - Attempt 1 - missionId: 932e542a-430d-4eb1-95fe-cf4a0677eb14
2025-02-25 09:50:07 - Attempt 1 - missionId: 932e542a-430d-4eb1-95fe-cf4a0677eb14
2025-02-25 09:50:07 - Attempt 1 - missionId: 932e542a-430d-4eb1-95fe-cf4a0677eb14
2025-02-25 09:50:07 - Attempt 1 - missionId: 932e542a-430d-4eb1-95fe-cf4a0677eb14
2025-02-25 09:50:07 - Attempt 1 - missionId: 932e542a-430d-4eb1-95fe-cf4a0677eb14
2025-02-25 09:50:07 - Attempt 1 - missionId: 932e542a-430d-4eb1-95fe-cf4a0677eb14
2025-02-25 09:50:07 - Attempt 1 - missionId: 932e542a-430d-4eb1-95fe-cf4a0677eb14
2025-02-25 09:50:07 - Attempt 1 - missionId: 932e542a-430d-4eb1-95fe-cf4a0677eb14
2025-02-25 09:50:07 - Attempt 1 - missionId: 932e542a-430d-4eb1-95fe-cf4a0677eb14
2025-02-25 09:50:07 - Attempt 1 - missionId: 932e542a-430d-4eb1-95fe-cf4a0677eb14
2025-02-25 09:50:07 - Attempt 1 - missionId: 932e542a-430d-4eb1-95fe-cf4a0677eb14
2025-02-25 09:50:07 - Attempt 1 - missionId: 932e542a-430d-4eb1-95fe-cf4a0677eb14
2025-02-25 09:50:07 - Attempt 1 - missionId: 932e542a-430d-4eb1-95fe-cf4a0677eb14
2025-02-25 09:50:07 - Attempt 1 - missionId: 932e542a-430d-4eb1-95fe-cf4a0677eb14
2025-02-25 09:50:07 - Attempt 1 - missionId: 932e542a-430d-4eb1-95fe-cf4a0677eb14
2025-02-25 09:50:07 - Attempt 1 - missionId: 932e542a-430d-4eb1-95fe-cf4a0677eb14
2025-02-25 09:50:07 - Attempt 1 - missionId: 932e542a-430d-4eb1-95fe-cf4a0677eb14
2025-02-25 09:50:07 - Attempt 1 - missionId: 932e542a-430d-4eb1-95fe-cf4a0677eb14
2025-02-25 09:50:07 - Attempt 1 - missionId: 932e542a-430d-4eb1-95fe-cf4a0677eb14
2025-02-25 09:50:07 - Attempt 1 - missionId: 932e542a-430d-4eb1-95fe-cf4a0677eb14
2025-02-25 09:50:07 - Attempt 1 - missionId: 932e542a-430d-4eb1-95fe-cf4a0677eb14
2025-02-25 09:50:07 - Attempt 1 - missionId: 932e542a-430d-4eb1-95fe-cf4a0677eb14
2025-02-25 09:50:07 - Attempt 1 - missionId: 932e542a-430d-4eb1-95fe-cf4a0677eb14
2025-02-25 09:50:07 - Attempt 1 - missionId: 932e542a-430d-4eb1-95fe-cf4a0677eb14
2025-02-25 09:50:07 - Attempt 1 - missionId: 932e542a-430d-4eb1-95fe-cf4a0677eb14
2025-02-25 09:50:07 - Attempt 1 - missionId: 932e542a-430d-4eb1-95fe-cf4a0677eb14
2025-02-25 09:50:07 - Attempt 1 - missionId: 932e542a-430d-4eb1-95fe-cf4a0677eb14
2025-02-25 09:50:07 - Attempt 1 - missionId: 932e542a-430d-4eb1-95fe-cf4a0677eb14
2025-02-25 09:50:07 - Attempt 1 - missionId: 932e542a-430d-4eb1-95fe-cf4a0677eb14
2025-02-25 09:50:07 - Attempt 1 - missionId: 932e542a-430d-4eb1-95fe-cf4a0677eb14
2025-02-25 09:50:07 - Attempt 1 - missionId: 932e542a-430d-4eb1-95fe-cf4a0677eb14
2025-02-25 09:50:07 - Attempt 1 - missionId: 932e542a-430d-4eb1-95fe-cf4a0677eb14
2025-02-25 09:50:07 - Attempt 1 - missionId: 932e542a-430d-4eb1-95fe-cf4a0677eb14
2025-02-25 09:50:07 - Attempt 1 - missionId: 932e542a-430d-4eb1-95fe-cf4a0677eb14
2025-02-25 09:50:07 - Attempt 1 - missionId: 932e542a-430d-4eb1-95fe-cf4a0677eb14
2025-02-25 09:50:07 - Attempt 1 - missionId: 932e542a-430d-4eb1-95fe-cf4a0677eb14
2025-02-25 09:50:12 - Attempt 1 - missionId: 932e542a-430d-4eb1-95fe-cf4a0677eb14
2025-02-25 09:51:05 - Attempt 1 - missionId: 932e542a-430d-4eb1-95fe-cf4a0677eb14
2025-02-25 09:51:07 - Attempt 1 - missionId: 932e542a-430d-4eb1-95fe-cf4a0677eb14
2025-02-25 09:51:07 - Attempt 1 - missionId: 932e542a-430d-4eb1-95fe-cf4a0677eb14
2025-02-25 09:51:07 - Attempt 1 - missionId: 932e542a-430d-4eb1-95fe-cf4a0677eb14
2025-02-25 09:51:07 - Attempt 1 - missionId: 932e542a-430d-4eb1-95fe-cf4a0677eb14
2025-02-25 09:51:07 - Attempt 1 - missionId: 932e542a-430d-4eb1-95fe-cf4a0677eb14
2025-02-25 09:51:07 - Attempt 1 - missionId: 932e542a-430d-4eb1-95fe-cf4a0677eb14
2025-02-25 09:51:07 - Attempt 1 - missionId: 932e542a-430d-4eb1-95fe-cf4a0677eb14
2025-02-25 09:51:07 - Attempt 1 - missionId: 932e542a-430d-4eb1-95fe-cf4a0677eb14
2025-02-25 09:51:07 - Attempt 1 - missionId: 932e542a-430d-4eb1-95fe-cf4a0677eb14
2025-02-25 09:51:07 - Attempt 1 - missionId: 932e542a-430d-4eb1-95fe-cf4a0677eb14
2025-02-25 09:51:07 - Attempt 1 - missionId: 932e542a-430d-4eb1-95fe-cf4a0677eb14
2025-02-25 09:51:07 - Attempt 1 - missionId: 932e542a-430d-4eb1-95fe-cf4a0677eb14
2025-02-25 09:51:07 - Attempt 1 - missionId: 932e542a-430d-4eb1-95fe-cf4a0677eb14
2025-02-25 09:51:07 - Attempt 1 - missionId: 932e542a-430d-4eb1-95fe-cf4a0677eb14
2025-02-25 09:51:07 - Attempt 1 - missionId: 932e542a-430d-4eb1-95fe-cf4a0677eb14
2025-02-25 09:51:07 - Attempt 1 - missionId: 932e542a-430d-4eb1-95fe-cf4a0677eb14
2025-02-25 09:51:07 - Attempt 1 - missionId: 932e542a-430d-4eb1-95fe-cf4a0677eb14
2025-02-25 09:51:07 - Attempt 1 - missionId: 932e542a-430d-4eb1-95fe-cf4a0677eb14
2025-02-25 09:51:07 - Attempt 1 - missionId: 932e542a-430d-4eb1-95fe-cf4a0677eb14
2025-02-25 09:51:07 - Attempt 1 - missionId: 932e542a-430d-4eb1-95fe-cf4a0677eb14
2025-02-25 09:51:07 - Attempt 1 - missionId: 932e542a-430d-4eb1-95fe-cf4a0677eb14
2025-02-25 09:51:07 - Attempt 1 - missionId: 932e542a-430d-4eb1-95fe-cf4a0677eb14
2025-02-25 09:51:07 - Attempt 1 - missionId: 932e542a-430d-4eb1-95fe-cf4a0677eb14
2025-02-25 09:51:07 - Attempt 1 - missionId: 932e542a-430d-4eb1-95fe-cf4a0677eb14
2025-02-25 09:51:07 - Attempt 1 - missionId: 932e542a-430d-4eb1-95fe-cf4a0677eb14
2025-02-25 09:51:07 - Attempt 1 - missionId: 932e542a-430d-4eb1-95fe-cf4a0677eb14
2025-02-25 09:51:07 - Attempt 1 - missionId: 932e542a-430d-4eb1-95fe-cf4a0677eb14
2025-02-25 09:51:07 - Attempt 1 - missionId: 932e542a-430d-4eb1-95fe-cf4a0677eb14
2025-02-25 09:51:07 - Attempt 1 - missionId: 932e542a-430d-4eb1-95fe-cf4a0677eb14
2025-02-25 09:51:07 - Attempt 1 - missionId: 932e542a-430d-4eb1-95fe-cf4a0677eb14
2025-02-25 09:51:07 - Attempt 1 - missionId: 932e542a-430d-4eb1-95fe-cf4a0677eb14
2025-02-25 09:51:07 - Attempt 1 - missionId: 932e542a-430d-4eb1-95fe-cf4a0677eb14
2025-02-25 09:51:07 - Attempt 1 - missionId: 932e542a-430d-4eb1-95fe-cf4a0677eb14
2025-02-25 09:51:07 - Attempt 1 - missionId: 932e542a-430d-4eb1-95fe-cf4a0677eb14
2025-02-25 09:51:07 - Attempt 1 - missionId: 932e542a-430d-4eb1-95fe-cf4a0677eb14
2025-02-25 09:51:07 - Attempt 1 - missionId: 932e542a-430d-4eb1-95fe-cf4a0677eb14
2025-02-25 09:51:07 - Attempt 1 - missionId: 932e542a-430d-4eb1-95fe-cf4a0677eb14
2025-02-25 09:51:07 - Attempt 1 - missionId: 932e542a-430d-4eb1-95fe-cf4a0677eb14
2025-02-25 09:51:07 - Attempt 1 - missionId: 932e542a-430d-4eb1-95fe-cf4a0677eb14
2025-02-25 09:51:07 - Attempt 1 - missionId: 932e542a-430d-4eb1-95fe-cf4a0677eb14
2025-02-25 09:51:07 - Attempt 1 - missionId: 932e542a-430d-4eb1-95fe-cf4a0677eb14
2025-02-25 09:51:07 - Attempt 1 - missionId: 932e542a-430d-4eb1-95fe-cf4a0677eb14
2025-02-25 09:51:07 - Attempt 1 - missionId: 932e542a-430d-4eb1-95fe-cf4a0677eb14
2025-02-25 09:51:07 - Attempt 1 - missionId: 932e542a-430d-4eb1-95fe-cf4a0677eb14
2025-02-25 09:51:07 - Attempt 1 - missionId: 932e542a-430d-4eb1-95fe-cf4a0677eb14
2025-02-25 09:51:07 - Attempt 1 - missionId: 932e542a-430d-4eb1-95fe-cf4a0677eb14
2025-02-25 09:51:07 - Attempt 1 - missionId: 932e542a-430d-4eb1-95fe-cf4a0677eb14
2025-02-25 09:51:07 - Attempt 1 - missionId: 932e542a-430d-4eb1-95fe-cf4a0677eb14
2025-02-25 09:51:12 - Attempt 1 - missionId: 932e542a-430d-4eb1-95fe-cf4a0677eb14
2025-02-25 09:52:05 - Attempt 1 - missionId: 932e542a-430d-4eb1-95fe-cf4a0677eb14
2025-02-25 09:52:07 - Attempt 1 - missionId: 932e542a-430d-4eb1-95fe-cf4a0677eb14
2025-02-25 09:52:07 - Attempt 1 - missionId: 932e542a-430d-4eb1-95fe-cf4a0677eb14
2025-02-25 09:52:08 - Attempt 2 - missionId: 932e542a-430d-4eb1-95fe-cf4a0677eb14
2025-02-25 09:52:08 - Attempt 2 - missionId: 932e542a-430d-4eb1-95fe-cf4a0677eb14
2025-02-25 09:52:08 - Attempt 2 - missionId: 932e542a-430d-4eb1-95fe-cf4a0677eb14
2025-02-25 09:52:09 - Attempt 3 - missionId: 932e542a-430d-4eb1-95fe-cf4a0677eb14
2025-02-25 09:52:09 - Attempt 3 - missionId: 932e542a-430d-4eb1-95fe-cf4a0677eb14
2025-02-25 09:52:10 - Attempt 4 - missionId: 932e542a-430d-4eb1-95fe-cf4a0677eb14
2025-02-25 09:52:10 - Attempt 4 - missionId: 932e542a-430d-4eb1-95fe-cf4a0677eb14
2025-02-25 09:52:10 - Attempt 1 - missionId: 932e542a-430d-4eb1-95fe-cf4a0677eb14
2025-02-25 09:52:11 - Attempt 5 - missionId: 932e542a-430d-4eb1-95fe-cf4a0677eb14
2025-02-25 09:52:11 - Attempt 5 - missionId: 932e542a-430d-4eb1-95fe-cf4a0677eb14
2025-02-25 09:52:11 - Attempt 2 - missionId: 932e542a-430d-4eb1-95fe-cf4a0677eb14
2025-02-25 09:52:11 - JSON Decode Error: Syntax error
2025-02-25 09:52:12 - Final Status: Status Not Found
2025-02-25 09:52:12 - Final Status: Status Not Found
2025-02-25 09:52:12 - Attempt 3 - missionId: 932e542a-430d-4eb1-95fe-cf4a0677eb14
2025-02-25 09:52:13 - Attempt 4 - missionId: 932e542a-430d-4eb1-95fe-cf4a0677eb14
2025-02-25 09:52:14 - Attempt 5 - missionId: 932e542a-430d-4eb1-95fe-cf4a0677eb14
2025-02-25 09:52:15 - Final Status: Status Not Found
2025-02-25 09:52:18 - Attempt 1 - missionId: 932e542a-430d-4eb1-95fe-cf4a0677eb14
2025-02-25 09:52:19 - Attempt 2 - missionId: 932e542a-430d-4eb1-95fe-cf4a0677eb14
2025-02-25 09:52:20 - Attempt 3 - missionId: 932e542a-430d-4eb1-95fe-cf4a0677eb14
2025-02-25 09:52:21 - Attempt 4 - missionId: 932e542a-430d-4eb1-95fe-cf4a0677eb14
2025-02-25 09:52:22 - Attempt 5 - missionId: 932e542a-430d-4eb1-95fe-cf4a0677eb14
2025-02-25 09:52:23 - Final Status: Status Not Found
2025-02-25 09:52:25 - Attempt 1 - missionId: 932e542a-430d-4eb1-95fe-cf4a0677eb14
2025-02-25 09:52:26 - Attempt 2 - missionId: 932e542a-430d-4eb1-95fe-cf4a0677eb14
2025-02-25 09:52:27 - Attempt 3 - missionId: 932e542a-430d-4eb1-95fe-cf4a0677eb14
2025-02-25 09:52:28 - Attempt 4 - missionId: 932e542a-430d-4eb1-95fe-cf4a0677eb14
2025-02-25 09:52:29 - Attempt 5 - missionId: 932e542a-430d-4eb1-95fe-cf4a0677eb14
2025-02-25 09:52:30 - Final Status: Status Not Found
2025-02-25 10:00:26 - Attempt 1 - missionId: 932e542a-430d-4eb1-95fe-cf4a0677eb14
2025-02-25 10:00:27 - Attempt 2 - missionId: 932e542a-430d-4eb1-95fe-cf4a0677eb14
2025-02-25 10:00:28 - Attempt 3 - missionId: 932e542a-430d-4eb1-95fe-cf4a0677eb14
2025-02-25 10:00:29 - Attempt 4 - missionId: 932e542a-430d-4eb1-95fe-cf4a0677eb14
2025-02-25 10:00:30 - Attempt 5 - missionId: 932e542a-430d-4eb1-95fe-cf4a0677eb14
2025-02-25 10:00:31 - Final Status: Status Not Found
2025-02-25 10:00:35 - Attempt 1 - missionId: 932e542a-430d-4eb1-95fe-cf4a0677eb14
2025-02-25 10:00:36 - Attempt 2 - missionId: 932e542a-430d-4eb1-95fe-cf4a0677eb14
2025-02-25 10:00:37 - Attempt 3 - missionId: 932e542a-430d-4eb1-95fe-cf4a0677eb14
2025-02-25 10:00:38 - Attempt 4 - missionId: 932e542a-430d-4eb1-95fe-cf4a0677eb14
2025-02-25 10:00:39 - Attempt 5 - missionId: 932e542a-430d-4eb1-95fe-cf4a0677eb14
2025-02-25 10:00:40 - Final Status: Status Not Found
2025-02-25 10:00:42 - Attempt 1 - missionId: 932e542a-430d-4eb1-95fe-cf4a0677eb14
2025-02-25 10:00:43 - Attempt 2 - missionId: 932e542a-430d-4eb1-95fe-cf4a0677eb14
2025-02-25 10:00:44 - Attempt 3 - missionId: 932e542a-430d-4eb1-95fe-cf4a0677eb14
2025-02-25 10:00:45 - Attempt 4 - missionId: 932e542a-430d-4eb1-95fe-cf4a0677eb14
2025-02-25 10:00:46 - Attempt 5 - missionId: 932e542a-430d-4eb1-95fe-cf4a0677eb14
2025-02-25 10:00:48 - Final Status: Status Not Found
2025-02-25 23:52:10 - Attempt 1 - missionId: 932e542a-430d-4eb1-95fe-cf4a0677eb14
2025-02-25 23:52:11 - Attempt 2 - missionId: 932e542a-430d-4eb1-95fe-cf4a0677eb14
2025-02-25 23:52:12 - Attempt 3 - missionId: 932e542a-430d-4eb1-95fe-cf4a0677eb14
2025-02-25 23:52:13 - Attempt 4 - missionId: 932e542a-430d-4eb1-95fe-cf4a0677eb14
2025-02-25 23:52:14 - Attempt 5 - missionId: 932e542a-430d-4eb1-95fe-cf4a0677eb14
2025-02-25 23:52:15 - Final Status: Status Not Found
2025-02-25 23:52:18 - Attempt 1 - missionId: 932e542a-430d-4eb1-95fe-cf4a0677eb14
2025-02-25 23:52:19 - Attempt 2 - missionId: 932e542a-430d-4eb1-95fe-cf4a0677eb14
2025-02-25 23:52:20 - Attempt 3 - missionId: 932e542a-430d-4eb1-95fe-cf4a0677eb14
2025-02-25 23:52:21 - Attempt 4 - missionId: 932e542a-430d-4eb1-95fe-cf4a0677eb14
2025-02-25 23:52:22 - Attempt 5 - missionId: 932e542a-430d-4eb1-95fe-cf4a0677eb14
2025-02-25 23:52:23 - Final Status: Status Not Found
2025-02-25 23:52:26 - Attempt 1 - missionId: 932e542a-430d-4eb1-95fe-cf4a0677eb14
2025-02-25 23:52:27 - Attempt 2 - missionId: 932e542a-430d-4eb1-95fe-cf4a0677eb14
2025-02-25 23:52:28 - Attempt 3 - missionId: 932e542a-430d-4eb1-95fe-cf4a0677eb14
2025-02-25 23:52:29 - Attempt 4 - missionId: 932e542a-430d-4eb1-95fe-cf4a0677eb14
2025-02-25 23:52:30 - Attempt 5 - missionId: 932e542a-430d-4eb1-95fe-cf4a0677eb14
2025-02-25 23:52:31 - Final Status: Status Not Found
2025-02-25 23:58:05 - Attempt 1 - missionId: 932e542a-430d-4eb1-95fe-cf4a0677eb14
2025-02-25 23:58:06 - Attempt 2 - missionId: 932e542a-430d-4eb1-95fe-cf4a0677eb14
2025-02-25 23:58:07 - Attempt 3 - missionId: 932e542a-430d-4eb1-95fe-cf4a0677eb14
2025-02-25 23:58:08 - Attempt 4 - missionId: 932e542a-430d-4eb1-95fe-cf4a0677eb14
2025-02-25 23:58:09 - Attempt 5 - missionId: 932e542a-430d-4eb1-95fe-cf4a0677eb14
2025-02-25 23:58:10 - Final Status: Status Not Found
2025-02-25 23:58:12 - Attempt 1 - missionId: 932e542a-430d-4eb1-95fe-cf4a0677eb14
2025-02-25 23:58:13 - Attempt 2 - missionId: 932e542a-430d-4eb1-95fe-cf4a0677eb14
2025-02-25 23:58:14 - Attempt 3 - missionId: 932e542a-430d-4eb1-95fe-cf4a0677eb14
2025-02-25 23:58:15 - Attempt 4 - missionId: 932e542a-430d-4eb1-95fe-cf4a0677eb14
2025-02-25 23:58:16 - Attempt 5 - missionId: 932e542a-430d-4eb1-95fe-cf4a0677eb14
2025-02-25 23:58:17 - Final Status: Status Not Found
2025-02-25 23:58:20 - Attempt 1 - missionId: 932e542a-430d-4eb1-95fe-cf4a0677eb14
2025-02-25 23:58:21 - Attempt 2 - missionId: 932e542a-430d-4eb1-95fe-cf4a0677eb14
2025-02-25 23:58:22 - Attempt 3 - missionId: 932e542a-430d-4eb1-95fe-cf4a0677eb14
2025-02-25 23:58:23 - Attempt 4 - missionId: 932e542a-430d-4eb1-95fe-cf4a0677eb14
2025-02-25 23:58:24 - Attempt 5 - missionId: 932e542a-430d-4eb1-95fe-cf4a0677eb14
2025-02-25 23:58:26 - Final Status: Status Not Found
2025-02-25 23:58:50 - JSON Decode Error: Syntax error
2025-02-28 07:34:48 - JSON Decode Error: Syntax error
2025-02-28 07:40:52 - New Response: {"Missionworkid":"932e542a-430d-4eb1-95fe-cf4a0677eb14","AgvCode":"","Status":"Success","ErrorCode":"","ErrorMessage":"","EndPoint":"1001","timestamp":1740703252}
2025-02-28 09:06:08 - New Response: {"Missionworkid":"932e542a-430d-4eb1-95fe-cf4a0677eb14","AgvCode":"","Status":"Wait","ErrorCode":"","ErrorMessage":"","EndPoint":"1001","timestamp":1740708368}
2025-02-28 09:06:16 - New Response: {"Missionworkid":"932e542a-430d-4eb1-95fe-cf4a0677eb14","AgvCode":"","Status":"Wait","ErrorCode":"","ErrorMessage":"","EndPoint":"1001","timestamp":1740708376}
2025-02-28 09:06:20 - New Response: {"Missionworkid":"932e542a-430d-4eb1-95fe-cf4a0677eb14","AgvCode":"","Status":"Success","ErrorCode":"","ErrorMessage":"","EndPoint":"1001","timestamp":1740708380}
2025-02-28 09:25:02 - New Response: {"Missionworkid":"932e542a-430d-4eb1-95fe-cf4a0677eb14","AgvCode":"","Status":"Wait","ErrorCode":"","ErrorMessage":"","EndPoint":"1001","timestamp":1740709502}
2025-02-28 09:26:32 - New Response: {"Missionworkid":"932e542a-430d-4eb1-95fe-cf4a0677eb14","AgvCode":"","Status":"Wait","ErrorCode":"","ErrorMessage":"","EndPoint":"1001","timestamp":1740709592}
2025-02-28 09:27:55 - New Response: {"Missionworkid":"932e542a-430d-4eb1-95fe-cf4a0677eb14","AgvCode":"","Status":"Wait","ErrorCode":"","ErrorMessage":"","EndPoint":"1001","timestamp":1740709675}
2025-02-28 09:28:00 - New Response: {"Missionworkid":"932e542a-430d-4eb1-95fe-cf4a0677eb14","AgvCode":"","Status":"Wait","ErrorCode":"","ErrorMessage":"","EndPoint":"1001","timestamp":1740709680}
2025-02-28 09:28:03 - New Response: {"Missionworkid":"932e542a-430d-4eb1-95fe-cf4a0677eb14","AgvCode":"","Status":"Success","ErrorCode":"","ErrorMessage":"","EndPoint":"1001","timestamp":1740709683}
2025-02-28 09:44:24 - New Response: {"Missionworkid":"932e542a-430d-4eb1-95fe-cf4a0677eb14","AgvCode":"","Status":"Wait","ErrorCode":"","ErrorMessage":"","EndPoint":"1001","timestamp":1740710664}
2025-02-28 09:44:26 - New Response: {"Missionworkid":"932e542a-430d-4eb1-95fe-cf4a0677eb14","AgvCode":"","Status":"Success","ErrorCode":"","ErrorMessage":"","EndPoint":"1001","timestamp":1740710666}
2025-02-28 09:55:40 - New Response: {"Missionworkid":"932e542a-430d-4eb1-95fe-cf4a0677eb14","AgvCode":"","Status":"Wait","ErrorCode":"","ErrorMessage":"","EndPoint":"1001","timestamp":1740711340}
2025-02-28 09:55:42 - New Response: {"Missionworkid":"932e542a-430d-4eb1-95fe-cf4a0677eb14","AgvCode":"","Status":"Wait","ErrorCode":"","ErrorMessage":"","EndPoint":"1001","timestamp":1740711342}
2025-02-28 09:55:44 - New Response: {"Missionworkid":"932e542a-430d-4eb1-95fe-cf4a0677eb14","AgvCode":"","Status":"Success","ErrorCode":"","ErrorMessage":"","EndPoint":"1001","timestamp":1740711344}
2025-02-28 10:00:05 - New Response: {"Missionworkid":"932e542a-430d-4eb1-95fe-cf4a0677eb14","AgvCode":"","Status":"Wait","ErrorCode":"","ErrorMessage":"","EndPoint":"1001","timestamp":1740711605}
2025-02-28 10:02:12 - New Response: {"Missionworkid":"932e542a-430d-4eb1-95fe-cf4a0677eb14","AgvCode":"","Status":"Wait","ErrorCode":"","ErrorMessage":"","EndPoint":"1001","timestamp":1740711732}
2025-02-28 10:02:15 - New Response: {"Missionworkid":"932e542a-430d-4eb1-95fe-cf4a0677eb14","AgvCode":"","Status":"Wait","ErrorCode":"","ErrorMessage":"","EndPoint":"1001","timestamp":1740711735}
2025-02-28 10:02:16 - New Response: {"Missionworkid":"932e542a-430d-4eb1-95fe-cf4a0677eb14","AgvCode":"","Status":"Wait","ErrorCode":"","ErrorMessage":"","EndPoint":"1001","timestamp":1740711736}
2025-02-28 10:02:17 - New Response: {"Missionworkid":"932e542a-430d-4eb1-95fe-cf4a0677eb14","AgvCode":"","Status":"Wait","ErrorCode":"","ErrorMessage":"","EndPoint":"1001","timestamp":1740711737}
2025-02-28 10:02:18 - New Response: {"Missionworkid":"932e542a-430d-4eb1-95fe-cf4a0677eb14","AgvCode":"","Status":"Wait","ErrorCode":"","ErrorMessage":"","EndPoint":"1001","timestamp":1740711738}
2025-02-28 10:02:20 - New Response: {"Missionworkid":"932e542a-430d-4eb1-95fe-cf4a0677eb14","AgvCode":"","Status":"Success","ErrorCode":"","ErrorMessage":"","EndPoint":"1001","timestamp":1740711740}
